[{"line":1,"elements":[{"start_timestamp":"2024-03-16T04:05:13.802Z","line":3,"name":"1post request validation","description":"","id":"post-request-testing;1post-request-validation","type":"scenario","keyword":"Scenario","steps":[{"result":{"duration":4099442600,"status":"passed"},"line":4,"name":"create user with data","match":{"location":"com.Post_Request_SD.Post_Request_SD.create_user_with_data()"},"keyword":"Given "},{"result":{"duration":20039300,"status":"passed"},"line":5,"name":"validate user created","match":{"location":"com.Post_Request_SD.Post_Request_SD.validate_user_created()"},"keyword":"Then "},{"result":{"duration":1003800,"status":"passed"},"line":6,"name":"validate user ID have non null value","match":{"location":"com.Post_Request_SD.Post_Request_SD.validate_user_id_have_non_null_value()"},"keyword":"Then "}]},{"start_timestamp":"2024-03-16T04:05:17.994Z","line":9,"name":"2post request validation","description":"","id":"post-request-testing;2post-request-validation","type":"scenario","keyword":"Scenario","steps":[{"result":{"error_message":"java.lang.NullPointerException: Cannot invoke \"io.restassured.response.Response.body()\" because \"this.response\" is null\r\n\tat com.Post_Request_SD.Post_Request_SD.create_user_with_data1(Post_Request_SD.java:56)\r\n\tat âœ½.create user with data1(file:///C:/Users/priya/eclipse-workspace/MyRestAssuredProject1/src/test/resources/com/Post_Request_FF/My_Post_Request_FeatureFile.feature:10)\r\n","duration":5511800,"status":"failed"},"line":10,"name":"create user with data1","match":{"location":"com.Post_Request_SD.Post_Request_SD.create_user_with_data1()"},"keyword":"Given "},{"result":{"status":"skipped"},"line":11,"name":"validate user created","match":{"location":"com.Post_Request_SD.Post_Request_SD.validate_user_created()"},"keyword":"Then "},{"result":{"status":"skipped"},"line":12,"name":"validate user ID have non null value","match":{"location":"com.Post_Request_SD.Post_Request_SD.validate_user_id_have_non_null_value()"},"keyword":"Then "}]},{"start_timestamp":"2024-03-16T04:05:18.076Z","line":15,"name":"3post request validation","description":"","id":"post-request-testing;3post-request-validation","type":"scenario","keyword":"Scenario","steps":[{"result":{"status":"undefined"},"line":16,"name":"create user with data from file","match":{},"keyword":"Given "},{"result":{"status":"skipped"},"line":17,"name":"validate user created","match":{"location":"com.Post_Request_SD.Post_Request_SD.validate_user_created()"},"keyword":"Then "},{"result":{"status":"skipped"},"line":18,"name":"validate user ID have non null value","match":{"location":"com.Post_Request_SD.Post_Request_SD.validate_user_id_have_non_null_value()"},"keyword":"Then "}]},{"start_timestamp":"2024-03-16T04:05:18.093Z","line":20,"name":"4post request validation","description":"","id":"post-request-testing;4post-request-validation","type":"scenario","keyword":"Scenario","steps":[{"result":{"error_message":"io.cucumber.core.exception.CucumberException: Step [create user {string} with data from file] is defined with 0 parameters at 'com.Post_Request_SD.Post_Request_SD.create_user_with_data_from_file()'.\nHowever, the gherkin step has 1 arguments:\n * \"Priyanka\"\nStep text: create user \"Priyanka\" with data from file\r\n\tat io.cucumber.core.runner.PickleStepDefinitionMatch.arityMismatch(PickleStepDefinitionMatch.java:83)\r\n\tat io.cucumber.core.runner.PickleStepDefinitionMatch.runStep(PickleStepDefinitionMatch.java:42)\r\n\tat io.cucumber.core.runner.ExecutionMode$1.execute(ExecutionMode.java:10)\r\n\tat io.cucumber.core.runner.TestStep.executeStep(TestStep.java:84)\r\n\tat io.cucumber.core.runner.TestStep.run(TestStep.java:56)\r\n\tat io.cucumber.core.runner.PickleStepTestStep.run(PickleStepTestStep.java:51)\r\n\tat io.cucumber.core.runner.TestCase.run(TestCase.java:84)\r\n\tat io.cucumber.core.runner.Runner.runPickle(Runner.java:75)\r\n\tat io.cucumber.junit.PickleRunners$NoStepDescriptions.lambda$run$0(PickleRunners.java:151)\r\n\tat io.cucumber.core.runtime.CucumberExecutionContext.lambda$runTestCase$5(CucumberExecutionContext.java:137)\r\n\tat io.cucumber.core.runtime.RethrowingThrowableCollector.executeAndThrow(RethrowingThrowableCollector.java:23)\r\n\tat io.cucumber.core.runtime.CucumberExecutionContext.runTestCase(CucumberExecutionContext.java:137)\r\n\tat io.cucumber.junit.PickleRunners$NoStepDescriptions.run(PickleRunners.java:148)\r\n\tat io.cucumber.junit.FeatureRunner.runChild(FeatureRunner.java:144)\r\n\tat io.cucumber.junit.FeatureRunner.runChild(FeatureRunner.java:28)\r\n\tat org.junit.runners.ParentRunner$4.run(ParentRunner.java:331)\r\n\tat org.junit.runners.ParentRunner$1.schedule(ParentRunner.java:79)\r\n\tat org.junit.runners.ParentRunner.runChildren(ParentRunner.java:329)\r\n\tat org.junit.runners.ParentRunner.access$100(ParentRunner.java:66)\r\n\tat org.junit.runners.ParentRunner$2.evaluate(ParentRunner.java:293)\r\n\tat org.junit.runners.ParentRunner$3.evaluate(ParentRunner.java:306)\r\n\tat org.junit.runners.ParentRunner.run(ParentRunner.java:413)\r\n\tat io.cucumber.junit.FeatureRunner.run(FeatureRunner.java:137)\r\n\tat io.cucumber.junit.Cucumber.runChild(Cucumber.java:196)\r\n\tat io.cucumber.junit.Cucumber.runChild(Cucumber.java:89)\r\n\tat org.junit.runners.ParentRunner$4.run(ParentRunner.java:331)\r\n\tat org.junit.runners.ParentRunner$1.schedule(ParentRunner.java:79)\r\n\tat org.junit.runners.ParentRunner.runChildren(ParentRunner.java:329)\r\n\tat org.junit.runners.ParentRunner.access$100(ParentRunner.java:66)\r\n\tat org.junit.runners.ParentRunner$2.evaluate(ParentRunner.java:293)\r\n\tat io.cucumber.core.runtime.CucumberExecutionContext.lambda$runFeatures$6(CucumberExecutionContext.java:148)\r\n\tat io.cucumber.core.runtime.CucumberExecutionContext.execute(CucumberExecutionContext.java:163)\r\n\tat io.cucumber.core.runtime.CucumberExecutionContext.runFeatures(CucumberExecutionContext.java:146)\r\n\tat io.cucumber.junit.Cucumber$StartAndFinishTestRun.evaluate(Cucumber.java:226)\r\n\tat org.junit.runners.ParentRunner$3.evaluate(ParentRunner.java:306)\r\n\tat org.junit.runners.ParentRunner.run(ParentRunner.java:413)\r\n\tat org.eclipse.jdt.internal.junit4.runner.JUnit4TestReference.run(JUnit4TestReference.java:93)\r\n\tat org.eclipse.jdt.internal.junit.runner.TestExecution.run(TestExecution.java:40)\r\n\tat org.eclipse.jdt.internal.junit.runner.RemoteTestRunner.runTests(RemoteTestRunner.java:529)\r\n\tat org.eclipse.jdt.internal.junit.runner.RemoteTestRunner.runTests(RemoteTestRunner.java:756)\r\n\tat org.eclipse.jdt.internal.junit.runner.RemoteTestRunner.run(RemoteTestRunner.java:452)\r\n\tat org.eclipse.jdt.internal.junit.runner.RemoteTestRunner.main(RemoteTestRunner.java:210)\r\n","duration":999300,"status":"failed"},"line":21,"name":"create user \"Priyanka\" with data from file","match":{"arguments":[{"val":"\"Priyanka\"","offset":12}],"location":"com.Post_Request_SD.Post_Request_SD.create_user_with_data_from_file()"},"keyword":"Given "},{"result":{"status":"skipped"},"line":22,"name":"Validate all headers","match":{"location":"com.Post_Request_SD.Post_Request_SD.Validate_all_headers()"},"keyword":"Then "}]}],"name":"Post request testing","description":"","id":"post-request-testing","keyword":"Feature","uri":"file:src/test/resources/com/Post_Request_FF/My_Post_Request_FeatureFile.feature","tags":[]}]